Opencv/build/intermediates/manifest_merge_blame_file/debug/manifest-merger-blame-debug-report.txt
1<?xml version="1.0" encoding="utf-8"?>
2<manifest xmlns:android="http://schemas.android.com/apk/res/android"
3    package="org.opencv"
4    android:versionCode="3440"
5    android:versionName="3.4.4" >
6
7    <uses-sdk
8        android:minSdkVersion="14"
8-->Opencv\java\AndroidManifest.xml
9        android:targetSdkVersion="32" />
9-->Opencv\java\AndroidManifest.xml
10
11    <!-- <uses-sdk android:minSdkVersion="8" android:targetSdkVersion="21" /> -->
12    <uses-permission android:name="android.permission.CAMERA" />
12-->Opencv\java\AndroidManifest.xml:8:5-64
12-->Opencv\java\AndroidManifest.xml:8:22-62
13
14    <uses-feature android:name="android.hardware.camera" />
14-->Opencv\java\AndroidManifest.xml:10:5-59
14-->Opencv\java\AndroidManifest.xml:10:19-57
15    <uses-feature android:name="android.hardware.camera.autofocus" />
15-->Opencv\java\AndroidManifest.xml:11:5-69
15-->Opencv\java\AndroidManifest.xml:11:19-67
16    <uses-feature android:name="android.hardware.camera.front" />
16-->Opencv\java\AndroidManifest.xml:12:5-65
16-->Opencv\java\AndroidManifest.xml:12:19-63
17    <uses-feature android:name="android.hardware.camera.front.autofocus" />
17-->Opencv\java\AndroidManifest.xml:13:5-75
17-->Opencv\java\AndroidManifest.xml:13:19-73
18
19</manifest>